<?xml version="1.0" encoding="UTF-8"?>
<!-- Generated by org.testng.reporters.JUnitReportReporter -->
<testsuite hostname="DESKTOP-BJINFAG" failures="0" tests="1" name="Demra.D1" time="0.013" errors="0" timestamp="25 Dec 2018 00:03:44 GMT" skipped="0">
  <testcase classname="Demra.D1" name="TestngTest" time="0.013"/>
</testsuite> <!-- Demra.D1 -->
