<?xml version="1.0" encoding="UTF-8"?>
<!-- Generated by org.testng.reporters.JUnitReportReporter -->
<testsuite hostname="DESKTOP-BJINFAG" failures="0" tests="1" name="D1" time="0.027" errors="0" timestamp="13 Jan 2019 20:35:22 GMT" skipped="0">
  <testcase classname="D1" name="abc" time="0.027"/>
</testsuite> <!-- D1 -->
